2016-10-18 18:10:18 [-][-][-][error][yii\db\Exception] PDOException: SQLSTATE[HY000] [1049] Unknown database 'yii2advanced' in C:\xampp\htdocs\pf\vendor\yiisoft\yii2\db\Connection.php:602
Stack trace:
#0 C:\xampp\htdocs\pf\vendor\yiisoft\yii2\db\Connection.php(602): PDO->__construct('mysql:host=loca...', 'root', '', NULL)
#1 C:\xampp\htdocs\pf\vendor\yiisoft\yii2\db\Connection.php(544): yii\db\Connection->createPdoInstance()
#2 C:\xampp\htdocs\pf\vendor\yiisoft\yii2\db\Connection.php(863): yii\db\Connection->open()
#3 C:\xampp\htdocs\pf\vendor\yiisoft\yii2\db\Connection.php(850): yii\db\Connection->getMasterPdo()
#4 C:\xampp\htdocs\pf\vendor\yiisoft\yii2\db\Command.php(219): yii\db\Connection->getSlavePdo()
#5 C:\xampp\htdocs\pf\vendor\yiisoft\yii2\db\Command.php(894): yii\db\Command->prepare(true)
#6 C:\xampp\htdocs\pf\vendor\yiisoft\yii2\db\Command.php(362): yii\db\Command->queryInternal('fetchAll', NULL)
#7 C:\xampp\htdocs\pf\vendor\yiisoft\yii2\db\mysql\Schema.php(198): yii\db\Command->queryAll()
#8 C:\xampp\htdocs\pf\vendor\yiisoft\yii2\db\mysql\Schema.php(97): yii\db\mysql\Schema->findColumns(Object(yii\db\TableSchema))
#9 C:\xampp\htdocs\pf\vendor\yiisoft\yii2\db\Schema.php(147): yii\db\mysql\Schema->loadTableSchema('migration')
#10 C:\xampp\htdocs\pf\vendor\yiisoft\yii2\console\controllers\MigrateController.php(199): yii\db\Schema->getTableSchema('{{%migration}}', true)
#11 C:\xampp\htdocs\pf\vendor\yiisoft\yii2\console\controllers\BaseMigrateController.php(771): yii\console\controllers\MigrateController->getMigrationHistory(NULL)
#12 C:\xampp\htdocs\pf\vendor\yiisoft\yii2\console\controllers\BaseMigrateController.php(135): yii\console\controllers\BaseMigrateController->getNewMigrations()
#13 [internal function]: yii\console\controllers\BaseMigrateController->actionUp(0)
#14 C:\xampp\htdocs\pf\vendor\yiisoft\yii2\base\InlineAction.php(55): call_user_func_array(Array, Array)
#15 C:\xampp\htdocs\pf\vendor\yiisoft\yii2\base\Controller.php(154): yii\base\InlineAction->runWithParams(Array)
#16 C:\xampp\htdocs\pf\vendor\yiisoft\yii2\console\Controller.php(127): yii\base\Controller->runAction('', Array)
#17 C:\xampp\htdocs\pf\vendor\yiisoft\yii2\base\Module.php(454): yii\console\Controller->runAction('', Array)
#18 C:\xampp\htdocs\pf\vendor\yiisoft\yii2\console\Application.php(180): yii\base\Module->runAction('migrate', Array)
#19 C:\xampp\htdocs\pf\vendor\yiisoft\yii2\console\Application.php(147): yii\console\Application->runAction('migrate', Array)
#20 C:\xampp\htdocs\pf\vendor\yiisoft\yii2\base\Application.php(375): yii\console\Application->handleRequest(Object(yii\console\Request))
#21 C:\xampp\htdocs\pf\yii(27): yii\base\Application->run()
#22 {main}

Next yii\db\Exception: SQLSTATE[HY000] [1049] Unknown database 'yii2advanced' in C:\xampp\htdocs\pf\vendor\yiisoft\yii2\db\Connection.php:549
Stack trace:
#0 C:\xampp\htdocs\pf\vendor\yiisoft\yii2\db\Connection.php(863): yii\db\Connection->open()
#1 C:\xampp\htdocs\pf\vendor\yiisoft\yii2\db\Connection.php(850): yii\db\Connection->getMasterPdo()
#2 C:\xampp\htdocs\pf\vendor\yiisoft\yii2\db\Command.php(219): yii\db\Connection->getSlavePdo()
#3 C:\xampp\htdocs\pf\vendor\yiisoft\yii2\db\Command.php(894): yii\db\Command->prepare(true)
#4 C:\xampp\htdocs\pf\vendor\yiisoft\yii2\db\Command.php(362): yii\db\Command->queryInternal('fetchAll', NULL)
#5 C:\xampp\htdocs\pf\vendor\yiisoft\yii2\db\mysql\Schema.php(198): yii\db\Command->queryAll()
#6 C:\xampp\htdocs\pf\vendor\yiisoft\yii2\db\mysql\Schema.php(97): yii\db\mysql\Schema->findColumns(Object(yii\db\TableSchema))
#7 C:\xampp\htdocs\pf\vendor\yiisoft\yii2\db\Schema.php(147): yii\db\mysql\Schema->loadTableSchema('migration')
#8 C:\xampp\htdocs\pf\vendor\yiisoft\yii2\console\controllers\MigrateController.php(199): yii\db\Schema->getTableSchema('{{%migration}}', true)
#9 C:\xampp\htdocs\pf\vendor\yiisoft\yii2\console\controllers\BaseMigrateController.php(771): yii\console\controllers\MigrateController->getMigrationHistory(NULL)
#10 C:\xampp\htdocs\pf\vendor\yiisoft\yii2\console\controllers\BaseMigrateController.php(135): yii\console\controllers\BaseMigrateController->getNewMigrations()
#11 [internal function]: yii\console\controllers\BaseMigrateController->actionUp(0)
#12 C:\xampp\htdocs\pf\vendor\yiisoft\yii2\base\InlineAction.php(55): call_user_func_array(Array, Array)
#13 C:\xampp\htdocs\pf\vendor\yiisoft\yii2\base\Controller.php(154): yii\base\InlineAction->runWithParams(Array)
#14 C:\xampp\htdocs\pf\vendor\yiisoft\yii2\console\Controller.php(127): yii\base\Controller->runAction('', Array)
#15 C:\xampp\htdocs\pf\vendor\yiisoft\yii2\base\Module.php(454): yii\console\Controller->runAction('', Array)
#16 C:\xampp\htdocs\pf\vendor\yiisoft\yii2\console\Application.php(180): yii\base\Module->runAction('migrate', Array)
#17 C:\xampp\htdocs\pf\vendor\yiisoft\yii2\console\Application.php(147): yii\console\Application->runAction('migrate', Array)
#18 C:\xampp\htdocs\pf\vendor\yiisoft\yii2\base\Application.php(375): yii\console\Application->handleRequest(Object(yii\console\Request))
#19 C:\xampp\htdocs\pf\yii(27): yii\base\Application->run()
#20 {main}
Additional Information:

2016-10-18 18:10:18 [-][-][-][info][application] $_SERVER = [
    'ALLUSERSPROFILE' => 'C:\\ProgramData'
    'APPDATA' => 'C:\\Users\\aziz\\AppData\\Roaming'
    'CommonProgramFiles' => 'C:\\Program Files (x86)\\Common Files'
    'CommonProgramFiles(x86)' => 'C:\\Program Files (x86)\\Common Files'
    'CommonProgramW6432' => 'C:\\Program Files\\Common Files'
    'COMPUTERNAME' => 'DESKTOP-4QJP3B9'
    'ComSpec' => 'C:\\Windows\\system32\\cmd.exe'
    'HOMEDRIVE' => 'C:'
    'HOMEPATH' => '\\Users\\aziz'
    'LOCALAPPDATA' => 'C:\\Users\\aziz\\AppData\\Local'
    'LOGONSERVER' => '\\\\DESKTOP-4QJP3B9'
    'NUMBER_OF_PROCESSORS' => '2'
    'OS' => 'Windows_NT'
    'Path' => 'C:\\Windows\\system32;C:\\Windows;C:\\Windows\\System32\\Wbem;C:\\Windows\\System32\\WindowsPowerShell\\v1.0\\;C:\\xampp\\php;C:\\ProgramData\\ComposerSetup\\bin;C:\\Users\\aziz\\AppData\\Roaming\\Composer\\vendor\\bin'
    'PATHEXT' => '.COM;.EXE;.BAT;.CMD;.VBS;.VBE;.JS;.JSE;.WSF;.WSH;.MSC'
    'PROCESSOR_ARCHITECTURE' => 'x86'
    'PROCESSOR_ARCHITEW6432' => 'AMD64'
    'PROCESSOR_IDENTIFIER' => 'Intel64 Family 6 Model 58 Stepping 9, GenuineIntel'
    'PROCESSOR_LEVEL' => '6'
    'PROCESSOR_REVISION' => '3a09'
    'ProgramData' => 'C:\\ProgramData'
    'ProgramFiles' => 'C:\\Program Files (x86)'
    'ProgramFiles(x86)' => 'C:\\Program Files (x86)'
    'ProgramW6432' => 'C:\\Program Files'
    'PROMPT' => '$P$G'
    'PSModulePath' => 'C:\\Windows\\system32\\WindowsPowerShell\\v1.0\\Modules\\'
    'PUBLIC' => 'C:\\Users\\Public'
    'SESSIONNAME' => 'Console'
    'SystemDrive' => 'C:'
    'SystemRoot' => 'C:\\Windows'
    'TEMP' => 'C:\\Users\\aziz\\AppData\\Local\\Temp'
    'TMP' => 'C:\\Users\\aziz\\AppData\\Local\\Temp'
    'USERDOMAIN' => 'DESKTOP-4QJP3B9'
    'USERDOMAIN_ROAMINGPROFILE' => 'DESKTOP-4QJP3B9'
    'USERNAME' => 'aziz'
    'USERPROFILE' => 'C:\\Users\\aziz'
    'windir' => 'C:\\Windows'
    'PHP_SELF' => '../htdocs/pf/yii'
    'SCRIPT_NAME' => '../htdocs/pf/yii'
    'SCRIPT_FILENAME' => '../htdocs/pf/yii'
    'PATH_TRANSLATED' => '../htdocs/pf/yii'
    'DOCUMENT_ROOT' => ''
    'REQUEST_TIME_FLOAT' => 1476807018.4989
    'REQUEST_TIME' => 1476807018
    'argv' => [
        0 => '../htdocs/pf/yii'
        1 => 'migrate'
    ]
    'argc' => 2
]
